[debug] [2024-05-11T17:14:49.457Z] ----------------------------------------------------------------------
[debug] [2024-05-11T17:14:49.460Z] Command:       /usr/local/bin/firebase /Users/stuart/.cache/firebase/tools/lib/node_modules/firebase-tools/lib/bin/firebase init
[debug] [2024-05-11T17:14:49.461Z] CLI Version:   11.18.0
[debug] [2024-05-11T17:14:49.461Z] Platform:      darwin
[debug] [2024-05-11T17:14:49.461Z] Node Version:  v16.16.0
[debug] [2024-05-11T17:14:49.472Z] Time:          Sat May 11 2024 12:14:49 GMT-0500 (Central Daylight Time)
[debug] [2024-05-11T17:14:49.472Z] ----------------------------------------------------------------------
[debug] 
[debug] [2024-05-11T17:14:49.481Z] >>> [apiv2][query] GET https://firebase-public.firebaseio.com/cli.json [none]
[debug] [2024-05-11T17:14:49.545Z] > command requires scopes: ["email","openid","https://www.googleapis.com/auth/cloudplatformprojects.readonly","https://www.googleapis.com/auth/firebase","https://www.googleapis.com/auth/cloud-platform"]
[debug] [2024-05-11T17:14:49.547Z] > authorizing via signed-in user (stuartray69@gmail.com)
[info] 
     ######## #### ########  ######## ########     ###     ######  ########
     ##        ##  ##     ## ##       ##     ##  ##   ##  ##       ##
     ######    ##  ########  ######   ########  #########  ######  ######
     ##        ##  ##    ##  ##       ##     ## ##     ##       ## ##
     ##       #### ##     ## ######## ########  ##     ##  ######  ########

You're about to initialize a Firebase project in this directory:

  /Users/stuart/Roman_CloudFunctions

[debug] [2024-05-11T17:14:49.826Z] <<< [apiv2][status] GET https://firebase-public.firebaseio.com/cli.json 200
[debug] [2024-05-11T17:14:49.829Z] <<< [apiv2][body] GET https://firebase-public.firebaseio.com/cli.json {"cloudBuildErrorAfter":1594252800000,"cloudBuildWarnAfter":1590019200000,"defaultNode10After":1594252800000,"minVersion":"3.0.5","node8DeploysDisabledAfter":1613390400000,"node8RuntimeDisabledAfter":1615809600000,"node8WarnAfter":1600128000000}
